<?xml version="1.0" encoding="UTF-8"?>
<testsuite name="com.ait.phonebook.tests.LoginTests" tests="2" skipped="0" failures="0" errors="0" timestamp="2023-11-30T10:51:42" hostname="MacBook-Daria.fritz.box" time="2.386">
  <properties/>
  <testcase name="loginRegisteredUserNegativeTestWithoutEmail" classname="com.ait.phonebook.tests.LoginTests" time="1.486"/>
  <testcase name="loginRegisteredUserPositiveTest" classname="com.ait.phonebook.tests.LoginTests" time="0.856"/>
  <system-out><![CDATA[11:51:42.407 [Test worker] INFO  com.ait.phonebook.tests.TestBase -- Start test
11:51:43.932 [Test worker] INFO  com.ait.phonebook.tests.TestBase -- PASSED: loginRegisteredUserNegativeTestWithoutEmail
11:51:43.932 [Test worker] INFO  com.ait.phonebook.tests.TestBase -- =======================
11:51:43.941 [Test worker] INFO  com.ait.phonebook.tests.TestBase -- Start test
11:51:44.825 [Test worker] INFO  com.ait.phonebook.tests.TestBase -- PASSED: loginRegisteredUserPositiveTest
11:51:44.826 [Test worker] INFO  com.ait.phonebook.tests.TestBase -- =======================
]]></system-out>
  <system-err><![CDATA[]]></system-err>
</testsuite>
